<?xml version="1.0" encoding="UTF-8"?>
<testsuites name="Test 21" time="10" tests="1" failures="0" errors="0">
   <testsuite name="Test 21" tests="1" failures="0" errors="0" time="10" timestamp="2018-07-25 11:10:18" hostname="slk - WSLK1FFTRFW-12.SLKSOFT.COM" id="Test Suites/Day 2/Test 21">
      <properties>
         <property name="deviceName" value=""/>
         <property name="devicePlatform" value=""/>
         <property name="logFolder" value="C:\\Users\\slk.WSLK1FFTRFW-12.003\\Katalon Studio\\Demo 2\\Reports\\Day 2\\Test 21\\20180725_111002"/>
         <property name="logFiles" value="C:\\Users\\slk.WSLK1FFTRFW-12.003\\Katalon Studio\\Demo 2\\Reports\\Day 2\\Test 21\\20180725_111002\\execution0.log"/>
         <property name="attachments" value=""/>
         <property name="hostName" value="slk - WSLK1FFTRFW-12.SLKSOFT.COM"/>
         <property name="os" value="Windows 7 64bit"/>
         <property name="katalonVersion" value="5.5.0.1"/>
         <property name="browser" value="Chrome 67.0.3396.99"/>
         <property name="hostAddress" value="192.168.56.1"/>
         <property name="sessionId" value="c436118e2dce9ae2ac3ce0836ee175a5"/>
         <property name="seleniumVersion" value="3.7.1"/>
         <property name="proxyInformation" value="ProxyInformation{proxyOption=NO_PROXY, proxyServerType=HTTP, password=, proxyServerAddress=, proxyServerPort=0}"/>
         <property name="platform" value="Windows 7"/>
      </properties>
      <testcase name="Test Cases/Day 2/Teat 21" classname="Test Cases/Day 2/Teat 21" status="PASSED">
         <system-out><![CDATA[2018-07-25 11:10:18 - [TEST_CASE][PASSED] - Test Cases/Day 2/Teat 21: Test Cases/Day 2/Teat 21

2018-07-25 11:10:19 - [TEST_STEP][PASSED] - openBrowser: Browser is opened with url: ''

2018-07-25 11:10:21 - [MESSAGE][PASSED] - Browser is opened with url: ''

2018-07-25 11:10:21 - [TEST_STEP][PASSED] - navigateToUrl: Navigate to 'https://opensource-demo.orangehrmlive.com/' successfully

2018-07-25 11:10:26 - [MESSAGE][PASSED] - Navigate to 'https://opensource-demo.orangehrmlive.com/' successfully

2018-07-25 11:10:26 - [TEST_STEP][PASSED] - click: Object: 'Object Repository/Day 21/Page_OrangeHRM/span_Username' is clicked on

2018-07-25 11:10:26 - [MESSAGE][PASSED] - Object: 'Object Repository/Day 21/Page_OrangeHRM/span_Username' is clicked on

2018-07-25 11:10:26 - [TEST_STEP][PASSED] - setText: Text 'AdminSTG' is set on object 'Object Repository/Day 21/Page_OrangeHRM/input_txtUsername'

2018-07-25 11:10:26 - [MESSAGE][PASSED] - Text 'AdminSTG' is set on object 'Object Repository/Day 21/Page_OrangeHRM/input_txtUsername'

2018-07-25 11:10:26 - [TEST_STEP][PASSED] - setEncryptedText: Text ****** has been set on object 'Object Repository/Day 21/Page_OrangeHRM/input_txtPassword'

2018-07-25 11:10:27 - [MESSAGE][PASSED] - Text ****** has been set on object 'Object Repository/Day 21/Page_OrangeHRM/input_txtPassword'

2018-07-25 11:10:27 - [TEST_STEP][PASSED] - click: Object: 'Object Repository/Day 21/Page_OrangeHRM/input_Submit' is clicked on

2018-07-25 11:10:27 - [MESSAGE][PASSED] - Object: 'Object Repository/Day 21/Page_OrangeHRM/input_Submit' is clicked on

2018-07-25 11:10:27 - [TEST_STEP][PASSED] - closeBrowser: Browser is closed

2018-07-25 11:10:28 - [MESSAGE][PASSED] - Browser is closed]]></system-out>
         <system-err><![CDATA[]]></system-err>
      </testcase>
      <system-out><![CDATA[2018-07-25 11:10:18 - [TEST_SUITE][PASSED] - Test 21: Test Cases/Day 2/Teat 21]]></system-out>
      <system-err><![CDATA[]]></system-err>
   </testsuite>
</testsuites>
