<?xml version="1.0" encoding="UTF-8"?>
<testsuites name="Test 33" time="13" tests="1" failures="0" errors="0">
   <testsuite name="Test 33" tests="1" failures="0" errors="0" time="13" timestamp="2018-07-26 12:51:00" hostname="slk - WSLK1FFTRFW-12.SLKSOFT.COM" id="Test Suites/Test 33">
      <properties>
         <property name="deviceName" value=""/>
         <property name="devicePlatform" value=""/>
         <property name="logFolder" value="C:\\Users\\slk.WSLK1FFTRFW-12.003\\Katalon Studio\\Demo 2\\Reports\\Test 33\\20180726_125058"/>
         <property name="logFiles" value="C:\\Users\\slk.WSLK1FFTRFW-12.003\\Katalon Studio\\Demo 2\\Reports\\Test 33\\20180726_125058\\execution0.log"/>
         <property name="attachments" value=""/>
         <property name="hostName" value="slk - WSLK1FFTRFW-12.SLKSOFT.COM"/>
         <property name="os" value="Windows 7 64bit"/>
         <property name="katalonVersion" value="5.5.0.1"/>
         <property name="browser" value="Chrome 67.0.3396.99"/>
         <property name="hostAddress" value="192.168.56.1"/>
         <property name="sessionId" value="200a12ed5f05a53707b12b669f3f5a0b"/>
         <property name="seleniumVersion" value="3.7.1"/>
         <property name="proxyInformation" value="ProxyInformation{proxyOption=NO_PROXY, proxyServerType=HTTP, password=, proxyServerAddress=, proxyServerPort=0}"/>
         <property name="platform" value="Windows 7"/>
      </properties>
      <testcase name="Test Cases/Day 3/Teat 33" classname="Test Cases/Day 3/Teat 33" status="PASSED">
         <system-out><![CDATA[2018-07-26 12:51:00 - [TEST_CASE][PASSED] - Test Cases/Day 3/Teat 33: Test Cases/Day 3/Teat 33

2018-07-26 12:51:01 - [TEST_STEP][PASSED] - openBrowser: Browser is opened with url: ''

2018-07-26 12:51:04 - [MESSAGE][PASSED] - Browser is opened with url: ''

2018-07-26 12:51:04 - [TEST_STEP][PASSED] - navigateToUrl: Navigate to 'https://opensource-demo.orangehrmlive.com/' successfully

2018-07-26 12:51:08 - [MESSAGE][PASSED] - Navigate to 'https://opensource-demo.orangehrmlive.com/' successfully

2018-07-26 12:51:08 - [TEST_STEP][PASSED] - click: Object: 'Object Repository/Test 33/Page_OrangeHRM/span_Username' is clicked on

2018-07-26 12:51:09 - [MESSAGE][PASSED] - Object: 'Object Repository/Test 33/Page_OrangeHRM/span_Username' is clicked on

2018-07-26 12:51:09 - [TEST_STEP][PASSED] - setText: Text 'Admin' is set on object 'Object Repository/Test 33/Page_OrangeHRM/input_txtUsername'

2018-07-26 12:51:09 - [MESSAGE][PASSED] - Text 'Admin' is set on object 'Object Repository/Test 33/Page_OrangeHRM/input_txtUsername'

2018-07-26 12:51:09 - [TEST_STEP][PASSED] - setEncryptedText: Text ****** has been set on object 'Object Repository/Test 33/Page_OrangeHRM/input_txtPassword'

2018-07-26 12:51:09 - [MESSAGE][PASSED] - Text ****** has been set on object 'Object Repository/Test 33/Page_OrangeHRM/input_txtPassword'

2018-07-26 12:51:09 - [TEST_STEP][PASSED] - click: Object: 'Object Repository/Test 33/Page_OrangeHRM/input_Submit' is clicked on

2018-07-26 12:51:13 - [MESSAGE][PASSED] - Object: 'Object Repository/Test 33/Page_OrangeHRM/input_Submit' is clicked on

2018-07-26 12:51:13 - [TEST_STEP][PASSED] - closeBrowser: Browser is closed

2018-07-26 12:51:14 - [MESSAGE][PASSED] - Browser is closed]]></system-out>
         <system-err><![CDATA[]]></system-err>
      </testcase>
      <system-out><![CDATA[2018-07-26 12:51:00 - [TEST_SUITE][PASSED] - Test 33: Test Cases/Day 3/Teat 33]]></system-out>
      <system-err><![CDATA[]]></system-err>
   </testsuite>
</testsuites>
