<?xml version="1.0" encoding="UTF-8"?>
<testsuites name="User" time="18" tests="1" failures="0" errors="0">
   <testsuite name="User" tests="1" failures="0" errors="0" time="18" timestamp="2018-07-24 17:35:14" hostname="slk - WSLK1FFTRFW-12.SLKSOFT.COM" id="Test Suites/User">
      <properties>
         <property name="deviceName" value=""/>
         <property name="devicePlatform" value=""/>
         <property name="logFolder" value="C:\\Users\\slk.WSLK1FFTRFW-12.003\\Katalon Studio\\Demo 2\\Reports\\User\\20180724_173513"/>
         <property name="logFiles" value="C:\\Users\\slk.WSLK1FFTRFW-12.003\\Katalon Studio\\Demo 2\\Reports\\User\\20180724_173513\\execution0.log"/>
         <property name="attachments" value=""/>
         <property name="hostName" value="slk - WSLK1FFTRFW-12.SLKSOFT.COM"/>
         <property name="os" value="Windows 7 64bit"/>
         <property name="katalonVersion" value="5.5.0.1"/>
         <property name="browser" value="Chrome 67.0.3396.99"/>
         <property name="hostAddress" value="192.168.56.1"/>
         <property name="sessionId" value="fa7bf29b7ba54ea039aa360a66567691"/>
         <property name="seleniumVersion" value="3.7.1"/>
         <property name="proxyInformation" value="ProxyInformation{proxyOption=NO_PROXY, proxyServerType=HTTP, password=, proxyServerAddress=, proxyServerPort=0}"/>
         <property name="platform" value="Windows 7"/>
      </properties>
      <testcase name="Test Cases/Validate/Test 1" classname="Test Cases/Validate/Test 1" status="PASSED">
         <system-out><![CDATA[2018-07-24 17:35:15 - [TEST_CASE][PASSED] - Test Cases/Validate/Test 1: Test Cases/Validate/Test 1

2018-07-24 17:35:15 - [TEST_STEP][PASSED] - openBrowser: Browser is opened with url: ''

2018-07-24 17:35:18 - [MESSAGE][PASSED] - Browser is opened with url: ''

2018-07-24 17:35:18 - [TEST_STEP][PASSED] - navigateToUrl: Navigate to 'https://opensource-demo.orangehrmlive.com/' successfully

2018-07-24 17:35:23 - [MESSAGE][PASSED] - Navigate to 'https://opensource-demo.orangehrmlive.com/' successfully

2018-07-24 17:35:23 - [TEST_STEP][PASSED] - click: Object: 'Object Repository/User/Page_OrangeHRM/span_Username' is clicked on

2018-07-24 17:35:23 - [MESSAGE][PASSED] - Object: 'Object Repository/User/Page_OrangeHRM/span_Username' is clicked on

2018-07-24 17:35:23 - [TEST_STEP][PASSED] - setText: Text 'Admin' is set on object 'Object Repository/User/Page_OrangeHRM/input_txtUsername'

2018-07-24 17:35:23 - [MESSAGE][PASSED] - Text 'Admin' is set on object 'Object Repository/User/Page_OrangeHRM/input_txtUsername'

2018-07-24 17:35:23 - [TEST_STEP][PASSED] - setEncryptedText: Text ****** has been set on object 'Object Repository/User/Page_OrangeHRM/input_txtPassword'

2018-07-24 17:35:23 - [MESSAGE][PASSED] - Text ****** has been set on object 'Object Repository/User/Page_OrangeHRM/input_txtPassword'

2018-07-24 17:35:23 - [TEST_STEP][PASSED] - click: Object: 'Object Repository/User/Page_OrangeHRM/input_Submit' is clicked on

2018-07-24 17:35:25 - [MESSAGE][PASSED] - Object: 'Object Repository/User/Page_OrangeHRM/input_Submit' is clicked on

2018-07-24 17:35:25 - [TEST_STEP][PASSED] - click: Object: 'Object Repository/User/Page_OrangeHRM/b_PIM' is clicked on

2018-07-24 17:35:27 - [MESSAGE][PASSED] - Object: 'Object Repository/User/Page_OrangeHRM/b_PIM' is clicked on

2018-07-24 17:35:27 - [TEST_STEP][PASSED] - click: Object: 'Object Repository/User/Page_OrangeHRM/a_Employee List' is clicked on

2018-07-24 17:35:28 - [MESSAGE][PASSED] - Object: 'Object Repository/User/Page_OrangeHRM/a_Employee List' is clicked on

2018-07-24 17:35:28 - [TEST_STEP][PASSED] - click: Object: 'Object Repository/User/Page_OrangeHRM/a_venki ssss' is clicked on

2018-07-24 17:35:29 - [MESSAGE][PASSED] - Object: 'Object Repository/User/Page_OrangeHRM/a_venki ssss' is clicked on

2018-07-24 17:35:29 - [TEST_STEP][PASSED] - click: Object: 'Object Repository/User/Page_OrangeHRM/input_btnSave' is clicked on

2018-07-24 17:35:29 - [MESSAGE][PASSED] - Object: 'Object Repository/User/Page_OrangeHRM/input_btnSave' is clicked on

2018-07-24 17:35:29 - [TEST_STEP][PASSED] - selectOptionByValue: All options with value '1' are selected in object 'Object Repository/User/Page_OrangeHRM/select_-- Select --AfghanAlban'  using regular expression

2018-07-24 17:35:30 - [MESSAGE][PASSED] - All options with value '1' are selected in object 'Object Repository/User/Page_OrangeHRM/select_-- Select --AfghanAlban'  using regular expression

2018-07-24 17:35:30 - [TEST_STEP][PASSED] - click: Object: 'Object Repository/User/Page_OrangeHRM/input_btnSave' is clicked on

2018-07-24 17:35:32 - [MESSAGE][PASSED] - Object: 'Object Repository/User/Page_OrangeHRM/input_btnSave' is clicked on

2018-07-24 17:35:32 - [TEST_STEP][PASSED] - closeBrowser: Browser is closed

2018-07-24 17:35:32 - [MESSAGE][PASSED] - Browser is closed]]></system-out>
         <system-err><![CDATA[]]></system-err>
      </testcase>
      <system-out><![CDATA[2018-07-24 17:35:14 - [TEST_SUITE][PASSED] - User: Test Cases/Validate/Test 1]]></system-out>
      <system-err><![CDATA[]]></system-err>
   </testsuite>
</testsuites>
