<?xml version="1.0" encoding="UTF-8"?>
<testsuites name="Test 21" time="14" tests="1" failures="0" errors="0">
   <testsuite name="Test 21" tests="1" failures="0" errors="0" time="14" timestamp="2018-07-25 11:02:39" hostname="slk - WSLK1FFTRFW-12.SLKSOFT.COM" id="Test Suites/Day 2/Test 21">
      <properties>
         <property name="deviceName" value=""/>
         <property name="devicePlatform" value=""/>
         <property name="logFolder" value="C:\\Users\\slk.WSLK1FFTRFW-12.003\\Katalon Studio\\Demo 2\\Reports\\Day 2\\Test 21\\20180725_110235"/>
         <property name="logFiles" value="C:\\Users\\slk.WSLK1FFTRFW-12.003\\Katalon Studio\\Demo 2\\Reports\\Day 2\\Test 21\\20180725_110235\\execution0.log"/>
         <property name="attachments" value=""/>
         <property name="hostName" value="slk - WSLK1FFTRFW-12.SLKSOFT.COM"/>
         <property name="os" value="Windows 7 64bit"/>
         <property name="katalonVersion" value="5.5.0.1"/>
         <property name="browser" value="Chrome 67.0.3396.99"/>
         <property name="hostAddress" value="192.168.56.1"/>
         <property name="sessionId" value="a41b0b4fd456ad31302251fba2f79dcf"/>
         <property name="seleniumVersion" value="3.7.1"/>
         <property name="proxyInformation" value="ProxyInformation{proxyOption=NO_PROXY, proxyServerType=HTTP, password=, proxyServerAddress=, proxyServerPort=0}"/>
         <property name="platform" value="Windows 7"/>
      </properties>
      <testcase name="Test Cases/Day 2/Teat 21" classname="Test Cases/Day 2/Teat 21" status="PASSED">
         <system-out><![CDATA[2018-07-25 11:02:40 - [TEST_CASE][PASSED] - Test Cases/Day 2/Teat 21: Test Cases/Day 2/Teat 21

2018-07-25 11:02:40 - [TEST_STEP][PASSED] - openBrowser: Browser is opened with url: ''

2018-07-25 11:02:43 - [MESSAGE][PASSED] - Browser is opened with url: ''

2018-07-25 11:02:43 - [TEST_STEP][PASSED] - navigateToUrl: Navigate to 'https://opensource-demo.orangehrmlive.com/' successfully

2018-07-25 11:02:49 - [MESSAGE][PASSED] - Navigate to 'https://opensource-demo.orangehrmlive.com/' successfully

2018-07-25 11:02:49 - [TEST_STEP][PASSED] - click: Object: 'Object Repository/Day 21/Page_OrangeHRM/span_Username' is clicked on

2018-07-25 11:02:49 - [MESSAGE][PASSED] - Object: 'Object Repository/Day 21/Page_OrangeHRM/span_Username' is clicked on

2018-07-25 11:02:49 - [TEST_STEP][PASSED] - setText: Text 'Admin' is set on object 'Object Repository/Day 21/Page_OrangeHRM/input_txtUsername'

2018-07-25 11:02:49 - [MESSAGE][PASSED] - Text 'Admin' is set on object 'Object Repository/Day 21/Page_OrangeHRM/input_txtUsername'

2018-07-25 11:02:49 - [TEST_STEP][PASSED] - setEncryptedText: Text ****** has been set on object 'Object Repository/Day 21/Page_OrangeHRM/input_txtPassword'

2018-07-25 11:02:49 - [MESSAGE][PASSED] - Text ****** has been set on object 'Object Repository/Day 21/Page_OrangeHRM/input_txtPassword'

2018-07-25 11:02:49 - [TEST_STEP][PASSED] - click: Object: 'Object Repository/Day 21/Page_OrangeHRM/input_Submit' is clicked on

2018-07-25 11:02:53 - [MESSAGE][PASSED] - Object: 'Object Repository/Day 21/Page_OrangeHRM/input_Submit' is clicked on

2018-07-25 11:02:53 - [TEST_STEP][PASSED] - closeBrowser: Browser is closed

2018-07-25 11:02:54 - [MESSAGE][PASSED] - Browser is closed]]></system-out>
         <system-err><![CDATA[]]></system-err>
      </testcase>
      <system-out><![CDATA[2018-07-25 11:02:39 - [TEST_SUITE][PASSED] - Test 21: Test Cases/Day 2/Teat 21]]></system-out>
      <system-err><![CDATA[]]></system-err>
   </testsuite>
</testsuites>
