<?xml version="1.0" encoding="UTF-8"?>
<testsuites name="Test 3" time="13" tests="0" failures="1" errors="0">
   <testsuite name="Test 3" tests="0" failures="1" errors="0" time="13" timestamp="2018-07-25 11:49:22" hostname="slk - WSLK1FFTRFW-12.SLKSOFT.COM" id="Test Suites/Day 2/Test 3">
      <properties>
         <property name="deviceName" value=""/>
         <property name="devicePlatform" value=""/>
         <property name="logFolder" value="C:\\Users\\slk.WSLK1FFTRFW-12.003\\Katalon Studio\\Demo 2\\Reports\\Day 2\\Test 3\\20180725_114921"/>
         <property name="logFiles" value="C:\\Users\\slk.WSLK1FFTRFW-12.003\\Katalon Studio\\Demo 2\\Reports\\Day 2\\Test 3\\20180725_114921\\execution0.log"/>
         <property name="attachments" value="C:\\Users\\slk.WSLK1FFTRFW-12.003\\Katalon Studio\\Demo 2\\Reports\\Day 2\\Test 3\\20180725_114921\\1532499575357.png"/>
         <property name="hostName" value="slk - WSLK1FFTRFW-12.SLKSOFT.COM"/>
         <property name="os" value="Windows 7 64bit"/>
         <property name="katalonVersion" value="5.5.0.1"/>
         <property name="browser" value="Chrome 67.0.3396.99"/>
         <property name="hostAddress" value="192.168.56.1"/>
         <property name="sessionId" value="7e2d0980feaa81c77a0f20a26e37048e"/>
         <property name="seleniumVersion" value="3.7.1"/>
         <property name="proxyInformation" value="ProxyInformation{proxyOption=NO_PROXY, proxyServerType=HTTP, password=, proxyServerAddress=, proxyServerPort=0}"/>
         <property name="platform" value="Windows 7"/>
      </properties>
      <testcase name="Test Cases/Day 2/Test 3" classname="Test Cases/Day 2/Test 3" status="FAILED">
         <failure type="FAILED" message="Unable to set encrypted text for object 'Object Repository/Test 3/Page_OrangeHRM/input_txtPassword' (Root cause: javax.crypto.IllegalBlockSizeException: Input length must be multiple of 8 when decrypting with padded cipher)"/>
         <system-out><![CDATA[2018-07-25 11:49:23 - [TEST_CASE][FAILED] - Test Cases/Day 2/Test 3: Test Cases/Day 2/Test 3 FAILED because (of) Unable to set encrypted text for object 'Object Repository/Test 3/Page_OrangeHRM/input_txtPassword' (Root cause: javax.crypto.IllegalBlockSizeException: Input length must be multiple of 8 when decrypting with padded cipher)

2018-07-25 11:49:23 - [TEST_STEP][PASSED] - openBrowser: Browser is opened with url: ''

2018-07-25 11:49:26 - [MESSAGE][PASSED] - Browser is opened with url: ''

2018-07-25 11:49:26 - [TEST_STEP][PASSED] - navigateToUrl: Navigate to 'https://opensource-demo.orangehrmlive.com/' successfully

2018-07-25 11:49:35 - [MESSAGE][PASSED] - Navigate to 'https://opensource-demo.orangehrmlive.com/' successfully

2018-07-25 11:49:35 - [TEST_STEP][PASSED] - setText: Text 'Admin' is set on object 'Object Repository/Test 3/Page_OrangeHRM/input_txtUsername'

2018-07-25 11:49:35 - [MESSAGE][PASSED] - Text 'Admin' is set on object 'Object Repository/Test 3/Page_OrangeHRM/input_txtUsername'

2018-07-25 11:49:35 - [TEST_STEP][FAILED] - setEncryptedText: Unable to set encrypted text for object 'Object Repository/Test 3/Page_OrangeHRM/input_txtPassword' (Root cause: javax.crypto.IllegalBlockSizeException: Input length must be multiple of 8 when decrypting with padded cipher)

2018-07-25 11:49:35 - [MESSAGE][FAILED] - Unable to set encrypted text for object 'Object Repository/Test 3/Page_OrangeHRM/input_txtPassword' (Root cause: javax.crypto.IllegalBlockSizeException: Input length must be multiple of 8 when decrypting with padded cipher)
[[ATTACHMENT|C:\\Users\\slk.WSLK1FFTRFW-12.003\\Katalon Studio\\Demo 2\\Reports\\Day 2\\Test 3\\20180725_114921\\1532499575357.png]]]]></system-out>
         <system-err><![CDATA[2018-07-25 11:49:23 - [TEST_CASE][FAILED] - Test Cases/Day 2/Test 3: Test Cases/Day 2/Test 3 FAILED because (of) Unable to set encrypted text for object 'Object Repository/Test 3/Page_OrangeHRM/input_txtPassword' (Root cause: javax.crypto.IllegalBlockSizeException: Input length must be multiple of 8 when decrypting with padded cipher)]]></system-err>
      </testcase>
      <system-out><![CDATA[2018-07-25 11:49:22 - [TEST_SUITE][FAILED] - Test 3: Test Cases/Day 2/Test 3 FAILED because (of) Unable to set encrypted text for object 'Object Repository/Test 3/Page_OrangeHRM/input_txtPassword' (Root cause: javax.crypto.IllegalBlockSizeException: Input length must be multiple of 8 when decrypting with padded cipher)]]></system-out>
      <system-err><![CDATA[2018-07-25 11:49:22 - [TEST_SUITE][FAILED] - Test 3: Test Cases/Day 2/Test 3 FAILED because (of) Unable to set encrypted text for object 'Object Repository/Test 3/Page_OrangeHRM/input_txtPassword' (Root cause: javax.crypto.IllegalBlockSizeException: Input length must be multiple of 8 when decrypting with padded cipher)]]></system-err>
   </testsuite>
</testsuites>
